The system is: Windows - 10.0.19042 - AMD64
The system is: Windows - 10.0.19042 - AMD64
Compiling the CXX compiler identification source file "CMakeCXXCompilerId.cpp" succeeded.
Compiler:  
Build flags: 
Id flags:  

The output was:
0
Microsoft (R) Build Engine version 16.8.3+39993bd9d for .NET Framework
Copyright (C) Microsoft Corporation. All rights reserved.

Build started 9/15/2021 2:50:28 AM.
Project "Y:\pyedit\wbuild\CMakeFiles\3.21.0-rc1\CompilerIdCXX\CompilerIdCXX.vcxproj" on node 1 (default targets).
PrepareForBuild:
  Creating directory "Debug\".
  Creating directory "Debug\CompilerIdCXX.tlog\".
InitializeBuildStatus:
  Creating "Debug\CompilerIdCXX.tlog\unsuccessfulbuild" because "AlwaysCreate" was specified.
VcpkgTripletSelection:
  Using triplet "x86-windows" from "C:\Users\jakrillis\vcpkg\scripts\buildsystems\msbuild\..\..\..\installed\x86-windows\"
ClCompile:
  C:\Program Files (x86)\Microsoft Visual Studio\2019\BuildTools\VC\Tools\MSVC\14.28.29333\bin\HostX64\x86\CL.exe /c /I"C:\Users\jakrillis\vcpkg\scripts\buildsystems\msbuild\..\..\..\installed\x86-windows\include" /nologo /W0 /WX- /diagnostics:column /Od /Oy- /D _MBCS /Gm- /EHsc /RTC1 /MDd /GS /fp:precise /Zc:wchar_t /Zc:forScope /Zc:inline /Fo"Debug\\" /Fd"Debug\vc142.pdb" /Gd /TP /analyze- /FC /errorReport:queue CMakeCXXCompilerId.cpp
  CMakeCXXCompilerId.cpp
Link:
  C:\Program Files (x86)\Microsoft Visual Studio\2019\BuildTools\VC\Tools\MSVC\14.28.29333\bin\HostX64\x86\link.exe /ERRORREPORT:QUEUE /OUT:".\CompilerIdCXX.exe" /INCREMENTAL:NO /NOLOGO /LIBPATH:"C:\Users\jakrillis\vcpkg\scripts\buildsystems\msbuild\..\..\..\installed\x86-windows\debug\lib" /LIBPATH:"C:\Users\jakrillis\vcpkg\scripts\buildsystems\msbuild\..\..\..\installed\x86-windows\debug\lib\manual-link" kernel32.lib user32.lib gdi32.lib winspool.lib comdlg32.lib advapi32.lib shell32.lib ole32.lib oleaut32.lib uuid.lib odbc32.lib odbccp32.lib "C:\Users\jakrillis\vcpkg\scripts\buildsystems\msbuild\..\..\..\installed\x86-windows\debug\lib\*.lib" /MANIFEST /MANIFESTUAC:"level='asInvoker' uiAccess='false'" /manifest:embed /PDB:".\CompilerIdCXX.pdb" /SUBSYSTEM:CONSOLE /TLBID:1 /DYNAMICBASE /NXCOMPAT /IMPLIB:".\CompilerIdCXX.lib" /MACHINE:X86 /SAFESEH Debug\CMakeCXXCompilerId.obj
  CompilerIdCXX.vcxproj -> Y:\pyedit\wbuild\CMakeFiles\3.21.0-rc1\CompilerIdCXX\CompilerIdCXX.exe
AppLocalFromInstalled:
  pwsh.exe -ExecutionPolicy Bypass -noprofile -File "C:\Users\jakrillis\vcpkg\scripts\buildsystems\msbuild\applocal.ps1" "Y:\pyedit\wbuild\CMakeFiles\3.21.0-rc1\CompilerIdCXX\CompilerIdCXX.exe" "C:\Users\jakrillis\vcpkg\scripts\buildsystems\msbuild\..\..\..\installed\x86-windows\debug\bin" "Debug\CompilerIdCXX.tlog\CompilerIdCXX.write.1u.tlog" "Debug\vcpkg.applocal.log"
  'pwsh.exe' is not recognized as an internal or external command,
  operable program or batch file.
  The command "pwsh.exe -ExecutionPolicy Bypass -noprofile -File "C:\Users\jakrillis\vcpkg\scripts\buildsystems\msbuild\applocal.ps1" "Y:\pyedit\wbuild\CMakeFiles\3.21.0-rc1\CompilerIdCXX\CompilerIdCXX.exe" "C:\Users\jakrillis\vcpkg\scripts\buildsystems\msbuild\..\..\..\installed\x86-windows\debug\bin" "Debug\CompilerIdCXX.tlog\CompilerIdCXX.write.1u.tlog" "Debug\vcpkg.applocal.log"" exited with code 9009.
  "C:\Windows\System32\WindowsPowerShell\v1.0\powershell.exe" -ExecutionPolicy Bypass -noprofile -File "C:\Users\jakrillis\vcpkg\scripts\buildsystems\msbuild\applocal.ps1" "Y:\pyedit\wbuild\CMakeFiles\3.21.0-rc1\CompilerIdCXX\CompilerIdCXX.exe" "C:\Users\jakrillis\vcpkg\scripts\buildsystems\msbuild\..\..\..\installed\x86-windows\debug\bin" "Debug\CompilerIdCXX.tlog\CompilerIdCXX.write.1u.tlog" "Debug\vcpkg.applocal.log"
PostBuildEvent:
  for %%i in (cl.exe) do @echo CMAKE_CXX_COMPILER=%%~$PATH:i
  :VCEnd
  CMAKE_CXX_COMPILER=C:\Program Files (x86)\Microsoft Visual Studio\2019\BuildTools\VC\Tools\MSVC\14.28.29333\bin\Hostx64\x86\cl.exe
FinalizeBuildStatus:
  Deleting file "Debug\CompilerIdCXX.tlog\unsuccessfulbuild".
  Touching "Debug\CompilerIdCXX.tlog\CompilerIdCXX.lastbuildstate".
Done Building Project "Y:\pyedit\wbuild\CMakeFiles\3.21.0-rc1\CompilerIdCXX\CompilerIdCXX.vcxproj" (default targets).

Build succeeded.
    0 Warning(s)
    0 Error(s)

Time Elapsed 00:01:42.02


Compilation of the CXX compiler identification source "CMakeCXXCompilerId.cpp" produced "CompilerIdCXX.exe"

Compilation of the CXX compiler identification source "CMakeCXXCompilerId.cpp" produced "CompilerIdCXX.vcxproj"

The CXX compiler identification is MSVC, found in "Y:/pyedit/wbuild/CMakeFiles/3.21.0-rc1/CompilerIdCXX/CompilerIdCXX.exe"

The system is: Windows - 10.0.19042 - AMD64
The system is: Windows - 10.0.19042 - AMD64
Compiling the CXX compiler identification source file "CMakeCXXCompilerId.cpp" succeeded.
Compiler:  
Build flags: 
Id flags:  

The output was:
0
Microsoft (R) Build Engine version 16.8.3+39993bd9d for .NET Framework
Copyright (C) Microsoft Corporation. All rights reserved.

Build started 9/15/2021 2:56:14 AM.
Project "Y:\pyedit\wbuild\CMakeFiles\3.21.0-rc1\CompilerIdCXX\CompilerIdCXX.vcxproj" on node 1 (default targets).
PrepareForBuild:
  Creating directory "Debug\".
  Creating directory "Debug\CompilerIdCXX.tlog\".
InitializeBuildStatus:
  Creating "Debug\CompilerIdCXX.tlog\unsuccessfulbuild" because "AlwaysCreate" was specified.
VcpkgTripletSelection:
  Using triplet "x86-windows" from "C:\Users\jakrillis\vcpkg\scripts\buildsystems\msbuild\..\..\..\installed\x86-windows\"
ClCompile:
  C:\Program Files (x86)\Microsoft Visual Studio\2019\BuildTools\VC\Tools\MSVC\14.28.29333\bin\HostX64\x86\CL.exe /c /I"C:\Users\jakrillis\vcpkg\scripts\buildsystems\msbuild\..\..\..\installed\x86-windows\include" /nologo /W0 /WX- /diagnostics:column /Od /Oy- /D _MBCS /Gm- /EHsc /RTC1 /MDd /GS /fp:precise /Zc:wchar_t /Zc:forScope /Zc:inline /Fo"Debug\\" /Fd"Debug\vc142.pdb" /Gd /TP /analyze- /FC /errorReport:queue CMakeCXXCompilerId.cpp
  CMakeCXXCompilerId.cpp
Link:
  C:\Program Files (x86)\Microsoft Visual Studio\2019\BuildTools\VC\Tools\MSVC\14.28.29333\bin\HostX64\x86\link.exe /ERRORREPORT:QUEUE /OUT:".\CompilerIdCXX.exe" /INCREMENTAL:NO /NOLOGO /LIBPATH:"C:\Users\jakrillis\vcpkg\scripts\buildsystems\msbuild\..\..\..\installed\x86-windows\debug\lib" /LIBPATH:"C:\Users\jakrillis\vcpkg\scripts\buildsystems\msbuild\..\..\..\installed\x86-windows\debug\lib\manual-link" kernel32.lib user32.lib gdi32.lib winspool.lib comdlg32.lib advapi32.lib shell32.lib ole32.lib oleaut32.lib uuid.lib odbc32.lib odbccp32.lib "C:\Users\jakrillis\vcpkg\scripts\buildsystems\msbuild\..\..\..\installed\x86-windows\debug\lib\*.lib" /MANIFEST /MANIFESTUAC:"level='asInvoker' uiAccess='false'" /manifest:embed /PDB:".\CompilerIdCXX.pdb" /SUBSYSTEM:CONSOLE /TLBID:1 /DYNAMICBASE /NXCOMPAT /IMPLIB:".\CompilerIdCXX.lib" /MACHINE:X86 /SAFESEH Debug\CMakeCXXCompilerId.obj
  CompilerIdCXX.vcxproj -> Y:\pyedit\wbuild\CMakeFiles\3.21.0-rc1\CompilerIdCXX\CompilerIdCXX.exe
AppLocalFromInstalled:
  pwsh.exe -ExecutionPolicy Bypass -noprofile -File "C:\Users\jakrillis\vcpkg\scripts\buildsystems\msbuild\applocal.ps1" "Y:\pyedit\wbuild\CMakeFiles\3.21.0-rc1\CompilerIdCXX\CompilerIdCXX.exe" "C:\Users\jakrillis\vcpkg\scripts\buildsystems\msbuild\..\..\..\installed\x86-windows\debug\bin" "Debug\CompilerIdCXX.tlog\CompilerIdCXX.write.1u.tlog" "Debug\vcpkg.applocal.log"
  'pwsh.exe' is not recognized as an internal or external command,
  operable program or batch file.
  The command "pwsh.exe -ExecutionPolicy Bypass -noprofile -File "C:\Users\jakrillis\vcpkg\scripts\buildsystems\msbuild\applocal.ps1" "Y:\pyedit\wbuild\CMakeFiles\3.21.0-rc1\CompilerIdCXX\CompilerIdCXX.exe" "C:\Users\jakrillis\vcpkg\scripts\buildsystems\msbuild\..\..\..\installed\x86-windows\debug\bin" "Debug\CompilerIdCXX.tlog\CompilerIdCXX.write.1u.tlog" "Debug\vcpkg.applocal.log"" exited with code 9009.
  "C:\Windows\System32\WindowsPowerShell\v1.0\powershell.exe" -ExecutionPolicy Bypass -noprofile -File "C:\Users\jakrillis\vcpkg\scripts\buildsystems\msbuild\applocal.ps1" "Y:\pyedit\wbuild\CMakeFiles\3.21.0-rc1\CompilerIdCXX\CompilerIdCXX.exe" "C:\Users\jakrillis\vcpkg\scripts\buildsystems\msbuild\..\..\..\installed\x86-windows\debug\bin" "Debug\CompilerIdCXX.tlog\CompilerIdCXX.write.1u.tlog" "Debug\vcpkg.applocal.log"
PostBuildEvent:
  for %%i in (cl.exe) do @echo CMAKE_CXX_COMPILER=%%~$PATH:i
  :VCEnd
  CMAKE_CXX_COMPILER=C:\Program Files (x86)\Microsoft Visual Studio\2019\BuildTools\VC\Tools\MSVC\14.28.29333\bin\Hostx64\x86\cl.exe
FinalizeBuildStatus:
  Deleting file "Debug\CompilerIdCXX.tlog\unsuccessfulbuild".
  Touching "Debug\CompilerIdCXX.tlog\CompilerIdCXX.lastbuildstate".
Done Building Project "Y:\pyedit\wbuild\CMakeFiles\3.21.0-rc1\CompilerIdCXX\CompilerIdCXX.vcxproj" (default targets).

Build succeeded.
    0 Warning(s)
    0 Error(s)

Time Elapsed 00:00:18.36


Compilation of the CXX compiler identification source "CMakeCXXCompilerId.cpp" produced "CompilerIdCXX.exe"

Compilation of the CXX compiler identification source "CMakeCXXCompilerId.cpp" produced "CompilerIdCXX.vcxproj"

The CXX compiler identification is MSVC, found in "Y:/pyedit/wbuild/CMakeFiles/3.21.0-rc1/CompilerIdCXX/CompilerIdCXX.exe"

Detecting CXX compiler ABI info compiled with the following output:
Change Dir: Y:/pyedit/wbuild/CMakeFiles/CMakeTmp

Run Build Command(s):C:/Program Files (x86)/Microsoft Visual Studio/2019/BuildTools/MSBuild/Current/Bin/MSBuild.exe cmTC_ab9b4.vcxproj /p:Configuration=Debug /p:Platform=win32 /p:VisualStudioVersion=16.0 /v:m && Microsoft (R) Build Engine version 16.8.3+39993bd9d for .NET Framework
Copyright (C) Microsoft Corporation. All rights reserved.

  Microsoft (R) C/C++ Optimizing Compiler Version 19.28.29336 for x86
  Copyright (C) Microsoft Corporation.  All rights reserved.
  CMakeCXXCompilerABI.cpp
  cl /c /I"C:\Users\jakrillis\vcpkg\scripts\buildsystems\msbuild\..\..\..\installed\x86-windows\include" /Zi /W3 /WX- /diagnostics:column /Od /Ob0 /Oy- /D _MBCS /D WIN32 /D _WINDOWS /D "CMAKE_INTDIR=\"Debug\"" /Gm- /EHsc /RTC1 /MDd /GS /fp:precise /Zc:wchar_t /Zc:forScope /Zc:inline /GR /Fo"cmTC_ab9b4.dir\Debug\\" /Fd"cmTC_ab9b4.dir\Debug\vc142.pdb" /Gd /TP /analyze- /errorReport:queue "C:\Program Files\CMake\share\cmake-3.21\Modules\CMakeCXXCompilerABI.cpp"
  cmTC_ab9b4.vcxproj -> Y:\pyedit\wbuild\CMakeFiles\CMakeTmp\Debug\cmTC_ab9b4.exe



Compiling the C compiler identification source file "CMakeCCompilerId.c" succeeded.
Compiler:  
Build flags: 
Id flags:  

The output was:
0
Microsoft (R) Build Engine version 16.8.3+39993bd9d for .NET Framework
Copyright (C) Microsoft Corporation. All rights reserved.

Build started 9/15/2021 2:57:12 AM.
Project "Y:\pyedit\wbuild\CMakeFiles\3.21.0-rc1\CompilerIdC\CompilerIdC.vcxproj" on node 1 (default targets).
PrepareForBuild:
  Creating directory "Debug\".
  Creating directory "Debug\CompilerIdC.tlog\".
InitializeBuildStatus:
  Creating "Debug\CompilerIdC.tlog\unsuccessfulbuild" because "AlwaysCreate" was specified.
VcpkgTripletSelection:
  Using triplet "x86-windows" from "C:\Users\jakrillis\vcpkg\scripts\buildsystems\msbuild\..\..\..\installed\x86-windows\"
ClCompile:
  C:\Program Files (x86)\Microsoft Visual Studio\2019\BuildTools\VC\Tools\MSVC\14.28.29333\bin\HostX64\x86\CL.exe /c /I"C:\Users\jakrillis\vcpkg\scripts\buildsystems\msbuild\..\..\..\installed\x86-windows\include" /nologo /W0 /WX- /diagnostics:column /Od /Oy- /D _MBCS /Gm- /EHsc /RTC1 /MDd /GS /fp:precise /Zc:wchar_t /Zc:forScope /Zc:inline /Fo"Debug\\" /Fd"Debug\vc142.pdb" /Gd /TC /analyze- /FC /errorReport:queue CMakeCCompilerId.c
  CMakeCCompilerId.c
Link:
  C:\Program Files (x86)\Microsoft Visual Studio\2019\BuildTools\VC\Tools\MSVC\14.28.29333\bin\HostX64\x86\link.exe /ERRORREPORT:QUEUE /OUT:".\CompilerIdC.exe" /INCREMENTAL:NO /NOLOGO /LIBPATH:"C:\Users\jakrillis\vcpkg\scripts\buildsystems\msbuild\..\..\..\installed\x86-windows\debug\lib" /LIBPATH:"C:\Users\jakrillis\vcpkg\scripts\buildsystems\msbuild\..\..\..\installed\x86-windows\debug\lib\manual-link" kernel32.lib user32.lib gdi32.lib winspool.lib comdlg32.lib advapi32.lib shell32.lib ole32.lib oleaut32.lib uuid.lib odbc32.lib odbccp32.lib "C:\Users\jakrillis\vcpkg\scripts\buildsystems\msbuild\..\..\..\installed\x86-windows\debug\lib\*.lib" /MANIFEST /MANIFESTUAC:"level='asInvoker' uiAccess='false'" /manifest:embed /PDB:".\CompilerIdC.pdb" /SUBSYSTEM:CONSOLE /TLBID:1 /DYNAMICBASE /NXCOMPAT /IMPLIB:".\CompilerIdC.lib" /MACHINE:X86 /SAFESEH Debug\CMakeCCompilerId.obj
  CompilerIdC.vcxproj -> Y:\pyedit\wbuild\CMakeFiles\3.21.0-rc1\CompilerIdC\CompilerIdC.exe
AppLocalFromInstalled:
  pwsh.exe -ExecutionPolicy Bypass -noprofile -File "C:\Users\jakrillis\vcpkg\scripts\buildsystems\msbuild\applocal.ps1" "Y:\pyedit\wbuild\CMakeFiles\3.21.0-rc1\CompilerIdC\CompilerIdC.exe" "C:\Users\jakrillis\vcpkg\scripts\buildsystems\msbuild\..\..\..\installed\x86-windows\debug\bin" "Debug\CompilerIdC.tlog\CompilerIdC.write.1u.tlog" "Debug\vcpkg.applocal.log"
  'pwsh.exe' is not recognized as an internal or external command,
  operable program or batch file.
  The command "pwsh.exe -ExecutionPolicy Bypass -noprofile -File "C:\Users\jakrillis\vcpkg\scripts\buildsystems\msbuild\applocal.ps1" "Y:\pyedit\wbuild\CMakeFiles\3.21.0-rc1\CompilerIdC\CompilerIdC.exe" "C:\Users\jakrillis\vcpkg\scripts\buildsystems\msbuild\..\..\..\installed\x86-windows\debug\bin" "Debug\CompilerIdC.tlog\CompilerIdC.write.1u.tlog" "Debug\vcpkg.applocal.log"" exited with code 9009.
  "C:\Windows\System32\WindowsPowerShell\v1.0\powershell.exe" -ExecutionPolicy Bypass -noprofile -File "C:\Users\jakrillis\vcpkg\scripts\buildsystems\msbuild\applocal.ps1" "Y:\pyedit\wbuild\CMakeFiles\3.21.0-rc1\CompilerIdC\CompilerIdC.exe" "C:\Users\jakrillis\vcpkg\scripts\buildsystems\msbuild\..\..\..\installed\x86-windows\debug\bin" "Debug\CompilerIdC.tlog\CompilerIdC.write.1u.tlog" "Debug\vcpkg.applocal.log"
PostBuildEvent:
  for %%i in (cl.exe) do @echo CMAKE_C_COMPILER=%%~$PATH:i
  :VCEnd
  CMAKE_C_COMPILER=C:\Program Files (x86)\Microsoft Visual Studio\2019\BuildTools\VC\Tools\MSVC\14.28.29333\bin\Hostx64\x86\cl.exe
FinalizeBuildStatus:
  Deleting file "Debug\CompilerIdC.tlog\unsuccessfulbuild".
  Touching "Debug\CompilerIdC.tlog\CompilerIdC.lastbuildstate".
Done Building Project "Y:\pyedit\wbuild\CMakeFiles\3.21.0-rc1\CompilerIdC\CompilerIdC.vcxproj" (default targets).

Build succeeded.
    0 Warning(s)
    0 Error(s)

Time Elapsed 00:00:38.21


Compilation of the C compiler identification source "CMakeCCompilerId.c" produced "CompilerIdC.exe"

Compilation of the C compiler identification source "CMakeCCompilerId.c" produced "CompilerIdC.vcxproj"

The C compiler identification is MSVC, found in "Y:/pyedit/wbuild/CMakeFiles/3.21.0-rc1/CompilerIdC/CompilerIdC.exe"

Detecting C compiler ABI info compiled with the following output:
Change Dir: Y:/pyedit/wbuild/CMakeFiles/CMakeTmp

Run Build Command(s):C:/Program Files (x86)/Microsoft Visual Studio/2019/BuildTools/MSBuild/Current/Bin/MSBuild.exe cmTC_e0bef.vcxproj /p:Configuration=Debug /p:Platform=win32 /p:VisualStudioVersion=16.0 /v:m && Microsoft (R) Build Engine version 16.8.3+39993bd9d for .NET Framework
Copyright (C) Microsoft Corporation. All rights reserved.

  Microsoft (R) C/C++ Optimizing Compiler Version 19.28.29336 for x86
  Copyright (C) Microsoft Corporation.  All rights reserved.
  CMakeCCompilerABI.c
  cl /c /I"C:\Users\jakrillis\vcpkg\scripts\buildsystems\msbuild\..\..\..\installed\x86-windows\include" /Zi /W3 /WX- /diagnostics:column /Od /Ob0 /Oy- /D _MBCS /D WIN32 /D _WINDOWS /D "CMAKE_INTDIR=\"Debug\"" /Gm- /RTC1 /MDd /GS /fp:precise /Zc:wchar_t /Zc:forScope /Zc:inline /Fo"cmTC_e0bef.dir\Debug\\" /Fd"cmTC_e0bef.dir\Debug\vc142.pdb" /Gd /TC /analyze- /errorReport:queue "C:\Program Files\CMake\share\cmake-3.21\Modules\CMakeCCompilerABI.c"
  cmTC_e0bef.vcxproj -> Y:\pyedit\wbuild\CMakeFiles\CMakeTmp\Debug\cmTC_e0bef.exe



